#
# A fatal error has been detected by the Java Runtime Environment:
#
#  EXCEPTION_ACCESS_VIOLATION (0xc0000005) at pc=0x0000000054d79543, pid=11780, tid=13184
#
# JRE version: Java(TM) SE Runtime Environment (8.0_20-b26) (build 1.8.0_20-b26)
# Java VM: Java HotSpot(TM) 64-Bit Server VM (25.20-b23 mixed mode windows-amd64 compressed oops)
# Problematic frame:
# V  [jvm.dll+0x119543]
#
# Failed to write core dump. Minidumps are not enabled by default on client versions of Windows
#
# If you would like to submit a bug report, please visit:
#   http://bugreport.sun.com/bugreport/crash.jsp
#

---------------  T H R E A D  ---------------

Current thread (0x00000000148e7000):  JavaThread "JDWP Transport Listener: dt_socket" daemon [_thread_in_vm, id=13184, stack(0x0000000016120000,0x0000000016220000)]

siginfo: ExceptionCode=0xc0000005, reading address 0xffffffffffffffff

Registers:
RAX=0x000000001621f701, RBX=0x00b20700c69c00b2, RCX=0x0000000016832440, RDX=0x0000000000000000
RSP=0x000000001621f710, RBP=0x0000000016832440, RSI=0x000000001621f828, RDI=0x0000000000729eb0
R8 =0x00000000148e7000, R9 =0x0000000000008000, R10=0x2f6176616a4c3c79, R11=0x00000000171480f4
R12=0x0000000000000000, R13=0x00000000148f0868, R14=0x0000000000000000, R15=0x0000000000000000
RIP=0x0000000054d79543, EFLAGS=0x0000000000010216

Top of Stack: (sp=0x000000001621f710)
0x000000001621f710:   00000000148e7000 00000000148e7000
0x000000001621f720:   000000001621f7d8 0000000054f7655b
0x000000001621f730:   00000000148e7000 0000000054f92dbd
0x000000001621f740:   0000000000000058 00000000561e9149
0x000000001621f750:   0000000017170a38 00000000561f2912
0x000000001621f760:   00000000148e7000 0000000000000000
0x000000001621f770:   0000000000000000 0000000000000000
0x000000001621f780:   0000000016832440 00000000561f1a09
0x000000001621f790:   000000001621f828 000000001621f800
0x000000001621f7a0:   0000000000000001 0000000017170a38
0x000000001621f7b0:   0000000016832440 00000000561d53b3
0x000000001621f7c0:   000000001621f8f0 0000000000000001
0x000000001621f7d0:   0000000000000001 0000000017170a38
0x000000001621f7e0:   000000000000000a 0000000000000000
0x000000001621f7f0:   0000000000000000 0000000000000000
0x000000001621f800:   0000000000000001 00000000561d5571 

Instructions: (pc=0x0000000054d79543)
0x0000000054d79523:   28 48 85 c9 75 07 33 c0 48 83 c4 28 c3 48 89 5c
0x0000000054d79533:   24 20 48 8b 19 48 85 db 74 20 48 83 fb 37 74 1a
0x0000000054d79543:   48 8b 13 48 8b cb ff 52 10 84 c0 74 0d 48 8b c3
0x0000000054d79553:   48 8b 5c 24 20 48 83 c4 28 c3 33 c0 48 8b 5c 24 


Register to memory mapping:

RAX=0x000000001621f701 is pointing into the stack for thread: 0x00000000148e7000
RBX=0x00b20700c69c00b2 is an unknown value
RCX=0x0000000016832440 is an unknown value
RDX=0x0000000000000000 is an unknown value
RSP=0x000000001621f710 is pointing into the stack for thread: 0x00000000148e7000
RBP=0x0000000016832440 is an unknown value
RSI=0x000000001621f828 is pointing into the stack for thread: 0x00000000148e7000
RDI=0x0000000000729eb0 is an unknown value
R8 =0x00000000148e7000 is a thread
R9 =0x0000000000008000 is an unknown value
R10=0x2f6176616a4c3c79 is an unknown value
R11=0x00000000171480f4 is an unknown value
R12=0x0000000000000000 is an unknown value
R13=0x00000000148f0868 is an unknown value
R14=0x0000000000000000 is an unknown value
R15=0x0000000000000000 is an unknown value


Stack: [0x0000000016120000,0x0000000016220000],  sp=0x000000001621f710,  free space=1021k
Native frames: (J=compiled Java code, j=interpreted, Vv=VM code, C=native code)
V  [jvm.dll+0x119543]
V  [jvm.dll+0x332dbd]
C  [jdwp.dll+0x21a09]
C  [jdwp.dll+0x53b3]
C  [jdwp.dll+0x5571]
C  [jdwp.dll+0xf09c]
C  [jdwp.dll+0x1f2c9]
C  [jdwp.dll+0x1f49e]
V  [jvm.dll+0x1aaa18]
V  [jvm.dll+0x22aac4]
V  [jvm.dll+0x283f5a]
C  [msvcr100.dll+0x21d9f]
C  [msvcr100.dll+0x21e3b]
C  [KERNEL32.DLL+0x16ad]
C  [ntdll.dll+0x54409]


---------------  P R O C E S S  ---------------

Java Threads: ( => current thread )
  0x00000000170fc800 JavaThread "Swing-Shell" daemon [_thread_blocked, id=7620, stack(0x000000001c0f0000,0x000000001c1f0000)]
  0x0000000017006800 JavaThread "D3D Screen Updater" daemon [_thread_blocked, id=9564, stack(0x000000001b6a0000,0x000000001b7a0000)]
  0x0000000016f6d800 JavaThread "TimerQueue" daemon [_thread_blocked, id=4004, stack(0x0000000019a60000,0x0000000019b60000)]
  0x000000000072e800 JavaThread "DestroyJavaVM" [_thread_blocked, id=11460, stack(0x00000000008d0000,0x00000000009d0000)]
  0x0000000016ea8000 JavaThread "AWT-EventQueue-0" [_thread_blocked, id=5008, stack(0x0000000017a80000,0x0000000017b80000)]
  0x0000000016ea4000 JavaThread "AWT-Windows" daemon [_thread_in_native, id=11996, stack(0x0000000017820000,0x0000000017920000)]
  0x0000000016ea1000 JavaThread "AWT-Shutdown" [_thread_blocked, id=9740, stack(0x0000000017720000,0x0000000017820000)]
  0x0000000016ea0000 JavaThread "Java2D Disposer" daemon [_thread_blocked, id=6156, stack(0x0000000017620000,0x0000000017720000)]
  0x0000000016775800 JavaThread "Service Thread" daemon [_thread_blocked, id=2672, stack(0x0000000016b20000,0x0000000016c20000)]
  0x000000001490b800 JavaThread "C1 CompilerThread2" daemon [_thread_blocked, id=10820, stack(0x0000000016620000,0x0000000016720000)]
  0x0000000014909000 JavaThread "C2 CompilerThread1" daemon [_thread_blocked, id=7664, stack(0x0000000016520000,0x0000000016620000)]
  0x0000000014902000 JavaThread "C2 CompilerThread0" daemon [_thread_blocked, id=628, stack(0x0000000016420000,0x0000000016520000)]
  0x00000000148f7800 JavaThread "JDWP Command Reader" daemon [_thread_in_native, id=8404, stack(0x0000000016320000,0x0000000016420000)]
  0x00000000148f5000 JavaThread "JDWP Event Helper Thread" daemon [_thread_blocked, id=9292, stack(0x0000000016220000,0x0000000016320000)]
=>0x00000000148e7000 JavaThread "JDWP Transport Listener: dt_socket" daemon [_thread_in_vm, id=13184, stack(0x0000000016120000,0x0000000016220000)]
  0x00000000148df000 JavaThread "Attach Listener" daemon [_thread_blocked, id=7940, stack(0x0000000015d40000,0x0000000015e40000)]
  0x00000000148de000 JavaThread "Signal Dispatcher" daemon [_thread_blocked, id=9540, stack(0x0000000015c40000,0x0000000015d40000)]
  0x0000000002233800 JavaThread "Finalizer" daemon [_thread_blocked, id=8596, stack(0x0000000015b40000,0x0000000015c40000)]
  0x000000000222b800 JavaThread "Reference Handler" daemon [_thread_blocked, id=13056, stack(0x0000000015a40000,0x0000000015b40000)]

Other Threads:
  0x00000000148a5800 VMThread [stack: 0x0000000015940000,0x0000000015a40000] [id=13192]
  0x0000000016777000 WatcherThread [stack: 0x0000000016c20000,0x0000000016d20000] [id=10868]

VM state:not at safepoint (normal execution)

VM Mutex/Monitor currently owned by a thread: None

Heap:
 PSYoungGen      total 19968K, used 1561K [0x00000000eac00000, 0x00000000ec500000, 0x0000000100000000)
  eden space 15872K, 6% used [0x00000000eac00000,0x00000000ead0ef50,0x00000000ebb80000)
  from space 4096K, 11% used [0x00000000ec000000,0x00000000ec0774b8,0x00000000ec400000)
  to   space 4608K, 0% used [0x00000000ebb80000,0x00000000ebb80000,0x00000000ec000000)
 ParOldGen       total 44032K, used 4269K [0x00000000c0400000, 0x00000000c2f00000, 0x00000000eac00000)
  object space 44032K, 9% used [0x00000000c0400000,0x00000000c082b428,0x00000000c2f00000)
 Metaspace       used 15246K, capacity 15530K, committed 15744K, reserved 1062912K
  class space    used 1997K, capacity 2080K, committed 2176K, reserved 1048576K

Card table byte_map: [0x0000000011600000,0x0000000011800000] byte_map_base: 0x0000000010ffe000

Marking Bits: (ParMarkBitMap*) 0x000000005543b460
 Begin Bits: [0x0000000011d60000, 0x0000000012d50000)
 End Bits:   [0x0000000012d50000, 0x0000000013d40000)

Polling page: 0x0000000000710000

CodeCache: size=245760Kb used=6239Kb max_used=6249Kb free=239520Kb
 bounds [0x0000000002240000, 0x0000000002860000, 0x0000000011240000]
 total_blobs=2284 nmethods=1743 adapters=461
 compilation: enabled

Compilation events (10 events):
Event: 41.860 Thread 0x000000001490b800 1784       3       java.nio.DirectLongBufferU::ix (10 bytes)
Event: 41.860 Thread 0x000000001490b800 nmethod 1784 0x000000000284dc10 code [0x000000000284dd60, 0x000000000284ded0]
Event: 41.862 Thread 0x000000001490b800 1787       3       javax.swing.JToggleButton$ToggleButtonModel::isSelected (15 bytes)
Event: 41.862 Thread 0x000000001490b800 nmethod 1787 0x000000000285a7d0 code [0x000000000285a920, 0x000000000285aad0]
Event: 41.864 Thread 0x000000001490b800 1789       3       javax.swing.text.Utilities::getTabbedTextWidth (348 bytes)
Event: 41.866 Thread 0x000000001490b800 nmethod 1789 0x0000000002858a50 code [0x0000000002858c80, 0x0000000002859ba8]
Event: 41.866 Thread 0x000000001490b800 1788       3       javax.swing.text.Utilities::getTabbedTextWidth (12 bytes)
Event: 41.866 Thread 0x000000001490b800 nmethod 1788 0x000000000234a850 code [0x000000000234a9c0, 0x000000000234ab68]
Event: 41.867 Thread 0x000000001490b800 1790       1       javax.swing.AbstractButton::getDisplayedMnemonicIndex (5 bytes)
Event: 41.867 Thread 0x000000001490b800 nmethod 1790 0x000000000238fc90 code [0x000000000238fde0, 0x000000000238fef0]

GC Heap History (10 events):
Event: 61.480 GC heap before
{Heap before GC invocations=4 (full 0):
 PSYoungGen      total 18944K, used 18913K [0x00000000eac00000, 0x00000000ec100000, 0x0000000100000000)
  eden space 16384K, 100% used [0x00000000eac00000,0x00000000ebc00000,0x00000000ebc00000)
  from space 2560K, 98% used [0x00000000ebc00000,0x00000000ebe78420,0x00000000ebe80000)
  to   space 2560K, 0% used [0x00000000ebe80000,0x00000000ebe80000,0x00000000ec100000)
 ParOldGen       total 44032K, used 1739K [0x00000000c0400000, 0x00000000c2f00000, 0x00000000eac00000)
  object space 44032K, 3% used [0x00000000c0400000,0x00000000c05b2e90,0x00000000c2f00000)
 Metaspace       used 15053K, capacity 15246K, committed 15360K, reserved 1062912K
  class space    used 1985K, capacity 2038K, committed 2048K, reserved 1048576K
Event: 61.485 GC heap after
Heap after GC invocations=4 (full 0):
 PSYoungGen      total 18944K, used 2530K [0x00000000eac00000, 0x00000000ec100000, 0x0000000100000000)
  eden space 16384K, 0% used [0x00000000eac00000,0x00000000eac00000,0x00000000ebc00000)
  from space 2560K, 98% used [0x00000000ebe80000,0x00000000ec0f8978,0x00000000ec100000)
  to   space 2560K, 0% used [0x00000000ebc00000,0x00000000ebc00000,0x00000000ebe80000)
 ParOldGen       total 44032K, used 1851K [0x00000000c0400000, 0x00000000c2f00000, 0x00000000eac00000)
  object space 44032K, 4% used [0x00000000c0400000,0x00000000c05cee90,0x00000000c2f00000)
 Metaspace       used 15053K, capacity 15246K, committed 15360K, reserved 1062912K
  class space    used 1985K, capacity 2038K, committed 2048K, reserved 1048576K
}
Event: 67.883 GC heap before
{Heap before GC invocations=5 (full 0):
 PSYoungGen      total 18944K, used 18914K [0x00000000eac00000, 0x00000000ec100000, 0x0000000100000000)
  eden space 16384K, 100% used [0x00000000eac00000,0x00000000ebc00000,0x00000000ebc00000)
  from space 2560K, 98% used [0x00000000ebe80000,0x00000000ec0f8978,0x00000000ec100000)
  to   space 2560K, 0% used [0x00000000ebc00000,0x00000000ebc00000,0x00000000ebe80000)
 ParOldGen       total 44032K, used 1851K [0x00000000c0400000, 0x00000000c2f00000, 0x00000000eac00000)
  object space 44032K, 4% used [0x00000000c0400000,0x00000000c05cee90,0x00000000c2f00000)
 Metaspace       used 15091K, capacity 15306K, committed 15360K, reserved 1062912K
  class space    used 1991K, capacity 2048K, committed 2048K, reserved 1048576K
Event: 67.888 GC heap after
Heap after GC invocations=5 (full 0):
 PSYoungGen      total 18944K, used 2530K [0x00000000eac00000, 0x00000000ec400000, 0x0000000100000000)
  eden space 16384K, 0% used [0x00000000eac00000,0x00000000eac00000,0x00000000ebc00000)
  from space 2560K, 98% used [0x00000000ebc00000,0x00000000ebe78a20,0x00000000ebe80000)
  to   space 4096K, 0% used [0x00000000ec000000,0x00000000ec000000,0x00000000ec400000)
 ParOldGen       total 44032K, used 1936K [0x00000000c0400000, 0x00000000c2f00000, 0x00000000eac00000)
  object space 44032K, 4% used [0x00000000c0400000,0x00000000c05e41b8,0x00000000c2f00000)
 Metaspace       used 15091K, capacity 15306K, committed 15360K, reserved 1062912K
  class space    used 1991K, capacity 2048K, committed 2048K, reserved 1048576K
}
Event: 74.351 GC heap before
{Heap before GC invocations=6 (full 0):
 PSYoungGen      total 18944K, used 18914K [0x00000000eac00000, 0x00000000ec400000, 0x0000000100000000)
  eden space 16384K, 100% used [0x00000000eac00000,0x00000000ebc00000,0x00000000ebc00000)
  from space 2560K, 98% used [0x00000000ebc00000,0x00000000ebe78a20,0x00000000ebe80000)
  to   space 4096K, 0% used [0x00000000ec000000,0x00000000ec000000,0x00000000ec400000)
 ParOldGen       total 44032K, used 1936K [0x00000000c0400000, 0x00000000c2f00000, 0x00000000eac00000)
  object space 44032K, 4% used [0x00000000c0400000,0x00000000c05e41b8,0x00000000c2f00000)
 Metaspace       used 15091K, capacity 15306K, committed 15360K, reserved 1062912K
  class space    used 1991K, capacity 2048K, committed 2048K, reserved 1048576K
Event: 74.364 GC heap after
Heap after GC invocations=6 (full 0):
 PSYoungGen      total 19456K, used 2664K [0x00000000eac00000, 0x00000000ec300000, 0x0000000100000000)
  eden space 16384K, 0% used [0x00000000eac00000,0x00000000eac00000,0x00000000ebc00000)
  from space 3072K, 86% used [0x00000000ec000000,0x00000000ec29a010,0x00000000ec300000)
  to   space 3584K, 0% used [0x00000000ebc00000,0x00000000ebc00000,0x00000000ebf80000)
 ParOldGen       total 44032K, used 1936K [0x00000000c0400000, 0x00000000c2f00000, 0x00000000eac00000)
  object space 44032K, 4% used [0x00000000c0400000,0x00000000c05e41b8,0x00000000c2f00000)
 Metaspace       used 15091K, capacity 15306K, committed 15360K, reserved 1062912K
  class space    used 1991K, capacity 2048K, committed 2048K, reserved 1048576K
}
Event: 81.075 GC heap before
{Heap before GC invocations=7 (full 0):
 PSYoungGen      total 19456K, used 19048K [0x00000000eac00000, 0x00000000ec300000, 0x0000000100000000)
  eden space 16384K, 100% used [0x00000000eac00000,0x00000000ebc00000,0x00000000ebc00000)
  from space 3072K, 86% used [0x00000000ec000000,0x00000000ec29a010,0x00000000ec300000)
  to   space 3584K, 0% used [0x00000000ebc00000,0x00000000ebc00000,0x00000000ebf80000)
 ParOldGen       total 44032K, used 1936K [0x00000000c0400000, 0x00000000c2f00000, 0x00000000eac00000)
  object space 44032K, 4% used [0x00000000c0400000,0x00000000c05e41b8,0x00000000c2f00000)
 Metaspace       used 15091K, capacity 15306K, committed 15360K, reserved 1062912K
  class space    used 1991K, capacity 2048K, committed 2048K, reserved 1048576K
Event: 81.079 GC heap after
Heap after GC invocations=7 (full 0):
 PSYoungGen      total 19968K, used 418K [0x00000000eac00000, 0x00000000ec400000, 0x0000000100000000)
  eden space 16384K, 0% used [0x00000000eac00000,0x00000000eac00000,0x00000000ebc00000)
  from space 3584K, 11% used [0x00000000ebc00000,0x00000000ebc68ad8,0x00000000ebf80000)
  to   space 4096K, 0% used [0x00000000ec000000,0x00000000ec000000,0x00000000ec400000)
 ParOldGen       total 44032K, used 4197K [0x00000000c0400000, 0x00000000c2f00000, 0x00000000eac00000)
  object space 44032K, 9% used [0x00000000c0400000,0x00000000c0819428,0x00000000c2f00000)
 Metaspace       used 15091K, capacity 15306K, committed 15360K, reserved 1062912K
  class space    used 1991K, capacity 2048K, committed 2048K, reserved 1048576K
}
Event: 92.098 GC heap before
{Heap before GC invocations=8 (full 0):
 PSYoungGen      total 19968K, used 16802K [0x00000000eac00000, 0x00000000ec400000, 0x0000000100000000)
  eden space 16384K, 100% used [0x00000000eac00000,0x00000000ebc00000,0x00000000ebc00000)
  from space 3584K, 11% used [0x00000000ebc00000,0x00000000ebc68ad8,0x00000000ebf80000)
  to   space 4096K, 0% used [0x00000000ec000000,0x00000000ec000000,0x00000000ec400000)
 ParOldGen       total 44032K, used 4197K [0x00000000c0400000, 0x00000000c2f00000, 0x00000000eac00000)
  object space 44032K, 9% used [0x00000000c0400000,0x00000000c0819428,0x00000000c2f00000)
 Metaspace       used 15092K, capacity 15306K, committed 15360K, reserved 1062912K
  class space    used 1991K, capacity 2048K, committed 2048K, reserved 1048576K
Event: 92.101 GC heap after
Heap after GC invocations=8 (full 0):
 PSYoungGen      total 19968K, used 477K [0x00000000eac00000, 0x00000000ec500000, 0x0000000100000000)
  eden space 15872K, 0% used [0x00000000eac00000,0x00000000eac00000,0x00000000ebb80000)
  from space 4096K, 11% used [0x00000000ec000000,0x00000000ec0774b8,0x00000000ec400000)
  to   space 4608K, 0% used [0x00000000ebb80000,0x00000000ebb80000,0x00000000ec000000)
 ParOldGen       total 44032K, used 4269K [0x00000000c0400000, 0x00000000c2f00000, 0x00000000eac00000)
  object space 44032K, 9% used [0x00000000c0400000,0x00000000c082b428,0x00000000c2f00000)
 Metaspace       used 15092K, capacity 15306K, committed 15360K, reserved 1062912K
  class space    used 1991K, capacity 2048K, committed 2048K, reserved 1048576K
}

Deoptimization events (10 events):
Event: 20.397 Thread 0x0000000016ea8000 Uncommon trap: reason=class_check action=maybe_recompile pc=0x00000000023f409c method=java.lang.String.equals(Ljava/lang/Object;)Z @ 8
Event: 20.402 Thread 0x0000000016ea8000 Uncommon trap: reason=class_check action=maybe_recompile pc=0x00000000023f409c method=java.lang.String.equals(Ljava/lang/Object;)Z @ 8
Event: 20.402 Thread 0x0000000016ea8000 Uncommon trap: reason=class_check action=maybe_recompile pc=0x00000000023f409c method=java.lang.String.equals(Ljava/lang/Object;)Z @ 8
Event: 20.402 Thread 0x0000000016ea8000 Uncommon trap: reason=class_check action=maybe_recompile pc=0x00000000023f409c method=java.lang.String.equals(Ljava/lang/Object;)Z @ 8
Event: 28.077 Thread 0x0000000016ea8000 Uncommon trap: reason=unreached action=reinterpret pc=0x00000000027895ec method=java.awt.Container$MouseEventTargetFilter.accept(Ljava/awt/Component;)Z @ 57
Event: 28.481 Thread 0x0000000016ea8000 Uncommon trap: reason=unreached action=reinterpret pc=0x000000000279ca0c method=java.awt.Component.getInputContext()Ljava/awt/im/InputContext; @ 6
Event: 28.935 Thread 0x0000000016ea8000 Uncommon trap: reason=class_check action=maybe_recompile pc=0x00000000025fe95c method=javax.swing.UIDefaults.getFromHashtable(Ljava/lang/Object;)Ljava/lang/Object; @ 92
Event: 28.940 Thread 0x0000000016ea8000 Uncommon trap: reason=class_check action=maybe_recompile pc=0x00000000025fe95c method=javax.swing.UIDefaults.getFromHashtable(Ljava/lang/Object;)Ljava/lang/Object; @ 92
Event: 28.945 Thread 0x0000000016ea8000 Uncommon trap: reason=class_check action=maybe_recompile pc=0x00000000025ece58 method=javax.swing.UIDefaults.getFromHashtable(Ljava/lang/Object;)Ljava/lang/Object; @ 92
Event: 29.054 Thread 0x0000000016ea8000 Uncommon trap: reason=unreached action=reinterpret pc=0x00000000025d329c method=java.awt.Container.findComponentAtImpl(IIZ)Ljava/awt/Component; @ 141

Internal exceptions (10 events):
Event: 45.062 Thread 0x0000000016ff4800 Exception <a 'java/security/PrivilegedActionException'> (0x00000000eb3d1930) thrown at [D:\re\workspace\8-2-build-windows-amd64-cygwin\jdk8u20\1074\hotspot\src\share\vm\prims\jvm.cpp, line 1275]
Event: 45.064 Thread 0x0000000016ff4800 Exception <a 'java/security/PrivilegedActionException'> (0x00000000eb3d7020) thrown at [D:\re\workspace\8-2-build-windows-amd64-cygwin\jdk8u20\1074\hotspot\src\share\vm\prims\jvm.cpp, line 1275]
Event: 45.065 Thread 0x0000000016ff4800 Exception <a 'java/security/PrivilegedActionException'> (0x00000000eb3dc200) thrown at [D:\re\workspace\8-2-build-windows-amd64-cygwin\jdk8u20\1074\hotspot\src\share\vm\prims\jvm.cpp, line 1275]
Event: 45.067 Thread 0x0000000016ff4800 Exception <a 'java/security/PrivilegedActionException'> (0x00000000eb3e0f30) thrown at [D:\re\workspace\8-2-build-windows-amd64-cygwin\jdk8u20\1074\hotspot\src\share\vm\prims\jvm.cpp, line 1275]
Event: 45.068 Thread 0x0000000016ff4800 Exception <a 'java/security/PrivilegedActionException'> (0x00000000eb3e6580) thrown at [D:\re\workspace\8-2-build-windows-amd64-cygwin\jdk8u20\1074\hotspot\src\share\vm\prims\jvm.cpp, line 1275]
Event: 45.069 Thread 0x0000000016ff4800 Exception <a 'java/security/PrivilegedActionException'> (0x00000000eb3ea7f0) thrown at [D:\re\workspace\8-2-build-windows-amd64-cygwin\jdk8u20\1074\hotspot\src\share\vm\prims\jvm.cpp, line 1275]
Event: 45.077 Thread 0x0000000016ff4800 Exception <a 'java/security/PrivilegedActionException'> (0x00000000eb3fa990) thrown at [D:\re\workspace\8-2-build-windows-amd64-cygwin\jdk8u20\1074\hotspot\src\share\vm\prims\jvm.cpp, line 1275]
Event: 45.084 Thread 0x0000000016ff4800 Exception <a 'java/security/PrivilegedActionException'> (0x00000000eb405f88) thrown at [D:\re\workspace\8-2-build-windows-amd64-cygwin\jdk8u20\1074\hotspot\src\share\vm\prims\jvm.cpp, line 1275]
Event: 45.093 Thread 0x0000000016ff4800 Exception <a 'java/security/PrivilegedActionException'> (0x00000000eb40f0d8) thrown at [D:\re\workspace\8-2-build-windows-amd64-cygwin\jdk8u20\1074\hotspot\src\share\vm\prims\jvm.cpp, line 1275]
Event: 45.097 Thread 0x0000000016ff4800 Exception <a 'java/security/PrivilegedActionException'> (0x00000000eb419bc8) thrown at [D:\re\workspace\8-2-build-windows-amd64-cygwin\jdk8u20\1074\hotspot\src\share\vm\prims\jvm.cpp, line 1275]

Events (10 events):
Event: 508.454 Executing VM operation: EnterInterpOnlyMode
Event: 508.454 Executing VM operation: EnterInterpOnlyMode done
Event: 508.454 Executing VM operation: EnterInterpOnlyMode
Event: 508.454 Executing VM operation: EnterInterpOnlyMode done
Event: 508.454 Executing VM operation: EnterInterpOnlyMode
Event: 508.454 Executing VM operation: EnterInterpOnlyMode done
Event: 508.454 Executing VM operation: EnterInterpOnlyMode
Event: 508.454 Executing VM operation: EnterInterpOnlyMode done
Event: 508.454 Executing VM operation: EnterInterpOnlyMode
Event: 508.454 Executing VM operation: EnterInterpOnlyMode done


Dynamic libraries:
0x00007ff71b210000 - 0x00007ff71b244000 	C:\Program Files\Java\jre1.8.0_20\bin\javaw.exe
0x00007ffa97350000 - 0x00007ffa974f6000 	C:\Windows\SYSTEM32\ntdll.dll
0x00007ffa94e80000 - 0x00007ffa94fba000 	C:\Windows\system32\KERNEL32.DLL
0x00007ffa948e0000 - 0x00007ffa949ef000 	C:\Windows\system32\KERNELBASE.dll
0x00007ffa932d0000 - 0x00007ffa93358000 	C:\Windows\system32\apphelp.dll
0x00007ffa78350000 - 0x00007ffa7839f000 	C:\Windows\AppPatch\AppPatch64\AcGenral.DLL
0x00007ffa94c30000 - 0x00007ffa94cd7000 	C:\Windows\system32\msvcrt.dll
0x00007ffa94500000 - 0x00007ffa9452b000 	C:\Windows\SYSTEM32\SspiCli.dll
0x00007ffa94bd0000 - 0x00007ffa94c21000 	C:\Windows\system32\SHLWAPI.dll
0x00007ffa96d10000 - 0x00007ffa96e81000 	C:\Windows\system32\USER32.dll
0x00007ffa951b0000 - 0x00007ffa95328000 	C:\Windows\system32\ole32.dll
0x00007ffa958a0000 - 0x00007ffa96caf000 	C:\Windows\system32\SHELL32.dll
0x00007ffa93d10000 - 0x00007ffa93d2e000 	C:\Windows\SYSTEM32\USERENV.dll
0x00007ffa94fc0000 - 0x00007ffa95065000 	C:\Windows\system32\ADVAPI32.dll
0x00007ffa8b670000 - 0x00007ffa8b68b000 	C:\Windows\SYSTEM32\MPR.dll
0x00007ffa95070000 - 0x00007ffa951a7000 	C:\Windows\system32\RPCRT4.dll
0x00007ffa96e90000 - 0x00007ffa96ee7000 	C:\Windows\SYSTEM32\sechost.dll
0x00007ffa956c0000 - 0x00007ffa95896000 	C:\Windows\SYSTEM32\combase.dll
0x00007ffa970a0000 - 0x00007ffa971e4000 	C:\Windows\system32\GDI32.dll
0x00007ffa946c0000 - 0x00007ffa946d4000 	C:\Windows\SYSTEM32\profapi.dll
0x00007ffa929c0000 - 0x00007ffa92a5f000 	C:\Windows\SYSTEM32\SHCORE.dll
0x00007ffa955e0000 - 0x00007ffa95614000 	C:\Windows\system32\IMM32.DLL
0x00007ffa94ce0000 - 0x00007ffa94e19000 	C:\Windows\system32\MSCTF.dll
0x00007ffa92390000 - 0x00007ffa925ea000 	C:\Windows\WinSxS\amd64_microsoft.windows.common-controls_6595b64144ccf1df_6.0.9600.17031_none_6242a4b3ecbb55a1\COMCTL32.dll
0x00000000564f0000 - 0x00000000565c2000 	C:\Program Files\Java\jre1.8.0_20\bin\msvcr100.dll
0x0000000054c60000 - 0x00000000554b8000 	C:\Program Files\Java\jre1.8.0_20\bin\server\jvm.dll
0x00007ffa7e820000 - 0x00007ffa7e829000 	C:\Windows\SYSTEM32\WSOCK32.dll
0x00007ffa8b370000 - 0x00007ffa8b38f000 	C:\Windows\SYSTEM32\WINMM.dll
0x00007ffa955d0000 - 0x00007ffa955d7000 	C:\Windows\system32\PSAPI.DLL
0x00007ffa972c0000 - 0x00007ffa97318000 	C:\Windows\system32\WS2_32.dll
0x00007ffa8b280000 - 0x00007ffa8b2aa000 	C:\Windows\SYSTEM32\WINMMBASE.dll
0x00007ffa97340000 - 0x00007ffa97349000 	C:\Windows\system32\NSI.dll
0x00007ffa947e0000 - 0x00007ffa9482a000 	C:\Windows\SYSTEM32\cfgmgr32.dll
0x00007ffa93520000 - 0x00007ffa93546000 	C:\Windows\SYSTEM32\DEVOBJ.dll
0x00000000564e0000 - 0x00000000564ef000 	C:\Program Files\Java\jre1.8.0_20\bin\verify.dll
0x00000000564b0000 - 0x00000000564d8000 	C:\Program Files\Java\jre1.8.0_20\bin\java.dll
0x00000000561d0000 - 0x0000000056205000 	C:\Program Files\Java\jre1.8.0_20\bin\jdwp.dll
0x0000000056b90000 - 0x0000000056b98000 	C:\Program Files\Java\jre1.8.0_20\bin\npt.dll
0x0000000056490000 - 0x00000000564a6000 	C:\Program Files\Java\jre1.8.0_20\bin\zip.dll
0x0000000056b80000 - 0x0000000056b89000 	C:\Program Files\Java\jre1.8.0_20\bin\dt_socket.dll
0x00007ffa8ba50000 - 0x00007ffa8ba64000 	C:\Windows\system32\napinsp.dll
0x00007ffa8ba70000 - 0x00007ffa8ba89000 	C:\Windows\system32\pnrpnsp.dll
0x00007ffa92260000 - 0x00007ffa92279000 	C:\Windows\system32\NLAapi.dll
0x00007ffa93f60000 - 0x00007ffa93fb8000 	C:\Windows\System32\mswsock.dll
0x00007ffa93d70000 - 0x00007ffa93e13000 	C:\Windows\SYSTEM32\DNSAPI.dll
0x00007ffa8ba90000 - 0x00007ffa8ba9c000 	C:\Windows\System32\winrnr.dll
0x00007ffa8baa0000 - 0x00007ffa8bab3000 	C:\Windows\system32\wshbth.dll
0x00007ffa8f940000 - 0x00007ffa8f9a8000 	C:\Windows\System32\fwpuclnt.dll
0x00007ffa8cd90000 - 0x00007ffa8cd99000 	C:\Windows\System32\rasadhlp.dll
0x00000000562b0000 - 0x0000000056448000 	C:\Program Files\Java\jre1.8.0_20\bin\awt.dll
0x00007ffa971f0000 - 0x00007ffa972b1000 	C:\Windows\system32\OLEAUT32.dll
0x00007ffa933f0000 - 0x00007ffa93511000 	C:\Windows\system32\uxtheme.dll
0x0000000017a20000 - 0x0000000017a61000 	C:\Program Files (x86)\ATI Technologies\HydraVision\HydraDMH64.dll
0x00007ffa925f0000 - 0x00007ffa92610000 	C:\Windows\system32\dwmapi.dll
0x00007ffa93570000 - 0x00007ffa9357a000 	C:\Windows\SYSTEM32\kernel.appcore.dll
0x00007ffa94590000 - 0x00007ffa9459a000 	C:\Windows\SYSTEM32\CRYPTBASE.dll
0x00007ffa94530000 - 0x00007ffa94590000 	C:\Windows\SYSTEM32\bcryptPrimitives.dll
0x00007ffa89780000 - 0x00007ffa89988000 	C:\Windows\system32\d3d9.dll
0x00007ffa90ec0000 - 0x00007ffa90eca000 	C:\Windows\SYSTEM32\VERSION.dll
0x00007ffa90ed0000 - 0x00007ffa91014000 	C:\Windows\SYSTEM32\aticfx64.dll
0x00007ffa73830000 - 0x00007ffa73850000 	C:\Windows\SYSTEM32\atiu9p64.dll
0x00007ffa70a40000 - 0x00007ffa711a1000 	C:\Windows\SYSTEM32\atiumd64.dll
0x00000000554c0000 - 0x0000000055d4d000 	C:\Windows\SYSTEM32\atiumd6a.dll
0x0000000056260000 - 0x00000000562a7000 	C:\Program Files\Java\jre1.8.0_20\bin\fontmanager.dll
0x0000000056470000 - 0x000000005648a000 	C:\Program Files\Java\jre1.8.0_20\bin\net.dll
0x0000000056450000 - 0x0000000056461000 	C:\Program Files\Java\jre1.8.0_20\bin\nio.dll
0x0000000056210000 - 0x0000000056251000 	C:\Program Files\Java\jre1.8.0_20\bin\t2k.dll
0x00007ffa95330000 - 0x00007ffa953d4000 	C:\Windows\SYSTEM32\clbcatq.dll
0x00007ffa913e0000 - 0x00007ffa9158e000 	C:\Windows\SYSTEM32\WindowsCodecs.dll
0x00007ffa93fc0000 - 0x00007ffa93fde000 	C:\Windows\SYSTEM32\CRYPTSP.dll
0x00007ffa93c00000 - 0x00007ffa93c35000 	C:\Windows\system32\rsaenh.dll
0x00007ffa94200000 - 0x00007ffa94226000 	C:\Windows\SYSTEM32\bcrypt.dll
0x00007ffa94830000 - 0x00007ffa948d1000 	C:\Windows\WinSxS\amd64_microsoft.windows.common-controls_6595b64144ccf1df_5.82.9600.16384_none_34a8918f959016ea\comctl32.dll
0x00007ffa903b0000 - 0x00007ffa9051f000 	C:\Windows\SYSTEM32\PROPSYS.dll
0x00007ffa8d6b0000 - 0x00007ffa8d84c000 	C:\Windows\system32\NetworkExplorer.dll
0x00007ffa953e0000 - 0x00007ffa955b4000 	C:\Windows\system32\SETUPAPI.dll
0x00007ffa91ad0000 - 0x00007ffa91adb000 	C:\Windows\System32\drprov.dll
0x00007ffa93a40000 - 0x00007ffa93a97000 	C:\Windows\System32\WINSTA.dll
0x00007ffa8c6a0000 - 0x00007ffa8c6b5000 	C:\Windows\System32\ntlanman.dll
0x00007ffa8c650000 - 0x00007ffa8c66e000 	C:\Windows\System32\davclnt.dll
0x00007ffa91ac0000 - 0x00007ffa91acb000 	C:\Windows\System32\DAVHLPR.dll
0x00007ffa92280000 - 0x00007ffa92296000 	C:\Windows\System32\wkscli.dll
0x00007ffa8bac0000 - 0x00007ffa8bad0000 	C:\Windows\SYSTEM32\cscapi.dll
0x00007ffa93950000 - 0x00007ffa9395c000 	C:\Windows\System32\netutils.dll
0x00007ffa783a0000 - 0x00007ffa78415000 	C:\Windows\System32\dlnashext.dll
0x00007ffa8bca0000 - 0x00007ffa8bce6000 	C:\Windows\System32\PlayToDevice.dll
0x00007ffa78330000 - 0x00007ffa7834c000 	C:\Windows\System32\DevDispItemProvider.dll
0x00007ffa900f0000 - 0x00007ffa90119000 	C:\Windows\SYSTEM32\IPHLPAPI.DLL
0x00007ffa900e0000 - 0x00007ffa900ea000 	C:\Windows\SYSTEM32\WINNSI.DLL
0x00007ffa8f550000 - 0x00007ffa8f564000 	C:\Windows\SYSTEM32\dhcpcsvc6.DLL
0x00007ffa887d0000 - 0x00007ffa88a90000 	C:\Windows\System32\actxprxy.dll
0x00007ffa8f660000 - 0x00007ffa8f679000 	C:\Windows\SYSTEM32\dhcpcsvc.DLL
0x00007ffa8cc40000 - 0x00007ffa8cc7d000 	C:\Windows\System32\netprofm.dll
0x00007ffa8a640000 - 0x00007ffa8a64e000 	C:\Windows\System32\npmproxy.dll
0x00007ffa6db80000 - 0x00007ffa6dd6f000 	C:\Windows\system32\wpdshext.dll
0x00007ffa8b390000 - 0x00007ffa8b528000 	C:\Windows\WinSxS\amd64_microsoft.windows.gdiplus_6595b64144ccf1df_1.1.9600.17227_none_932c0e57474f5080\gdiplus.dll
0x00007ffa8a200000 - 0x00007ffa8a2a6000 	C:\Windows\System32\PortableDeviceApi.dll
0x00007ffa94790000 - 0x00007ffa947dc000 	C:\Windows\system32\WINTRUST.dll
0x00007ffa949f0000 - 0x00007ffa94bcf000 	C:\Windows\system32\CRYPT32.dll
0x00007ffa94770000 - 0x00007ffa94782000 	C:\Windows\system32\MSASN1.dll
0x00007ffa80b70000 - 0x00007ffa80ba6000 	C:\Windows\System32\EhStorShell.dll
0x00007ffa8c200000 - 0x00007ffa8c225000 	C:\Windows\System32\EhStorAPI.dll
0x00007ffa932b0000 - 0x00007ffa932c1000 	C:\Windows\System32\WTSAPI32.dll
0x00007ffa86150000 - 0x00007ffa8615c000 	C:\Windows\SYSTEM32\LINKINFO.dll
0x00007ffa8aac0000 - 0x00007ffa8ab75000 	C:\Windows\system32\twinapi.dll
0x00007ffa920e0000 - 0x00007ffa9213e000 	C:\Windows\SYSTEM32\Bcp47Langs.dll
0x00007ffa90120000 - 0x00007ffa90150000 	C:\Windows\System32\shacct.dll
0x00007ffa94660000 - 0x00007ffa946a5000 	C:\Windows\SYSTEM32\powrprof.dll
0x00007ffa92f40000 - 0x00007ffa92f64000 	C:\Windows\System32\IDStore.dll
0x00007ffa900c0000 - 0x00007ffa900de000 	C:\Windows\System32\SAMLIB.dll
0x00007ffa862f0000 - 0x00007ffa86374000 	C:\Windows\System32\wlidprov.dll
0x00007ffa88f60000 - 0x00007ffa88fc7000 	C:\Windows\System32\provsvc.dll
0x00007ffa74740000 - 0x00007ffa748c8000 	C:\Windows\SYSTEM32\dbghelp.dll

VM Arguments:
jvm_args: -agentlib:jdwp=transport=dt_socket,suspend=y,address=localhost:23473 -Dfile.encoding=Cp1252 
java_command: gui.Home
java_class_path (initial): C:\Users\Simone\Google Drive\Magistrale_IntelligenzaComputazionale\sistemi_operativi_avanzati\progetto\workspace\HadoopLogAnalyzer\bin;C:\Users\Simone\Google Drive\Magistrale_IntelligenzaComputazionale\sistemi_operativi_avanzati\progetto\reference\charts4j-1.3.jar;C:\Users\Simone\Google Drive\Magistrale_IntelligenzaComputazionale\sistemi_operativi_avanzati\progetto\reference\junit-4.4.jar;C:\Users\Simone\Google Drive\Magistrale_IntelligenzaComputazionale\sistemi_operativi_avanzati\progetto\reference\commons-csv-1.1.jar;C:\Users\Simone\Google Drive\Magistrale_IntelligenzaComputazionale\sistemi_operativi_avanzati\progetto\reference\junrar-0.7.jar;C:\Program Files\Java\jre1.8.0_20\lib\ext\jfxrt.jar;C:\Users\Simone\Downloads\lib\hamcrest-core-1.3.jar;C:\Users\Simone\Downloads\lib\jcommon-1.0.23.jar;C:\Users\Simone\Downloads\lib\jfreechart-1.0.19.jar;C:\Users\Simone\Downloads\lib\jfreechart-1.0.19-experimental.jar;C:\Users\Simone\Downloads\lib\jfreechart-1.0.19-swt.jar;C:\Users\Simone\Downloads\lib\jfreesvg-2.0.jar;C:\Users\Simone\Downloads\lib\junit-4.11.jar;C:\Users\Simone\Downloads\lib\orsoncharts-1.4-eval-nofx.jar;C:\Users\Simone\Downloads\lib\orsonpdf-1.6-eval.jar;C:\Users\Simone\Downloads\lib\servlet.jar;C:\Users\Simone\Downloads\lib\swtgraphics2d.jar;C:\Users\Simone\Downloads\lib\jfreechart-1.0.19-demo.jar
Launcher Type: SUN_STANDARD

Environment Variables:
JAVA_HOME=C:\Program Files\Java\jdk1.8.0_20
PATH=C:\ProgramData\Oracle\Java\javapath;C:\Program Files (x86)\ActiveState Komodo IDE 8\;C:\Program Files (x86)\AMD APP\bin\x86_64;C:\Program Files (x86)\AMD APP\bin\x86;C:\Windows\system32;C:\Windows;C:\Windows\System32\Wbem;C:\Windows\System32\WindowsPowerShell\v1.0\;C:\Program Files (x86)\ATI Technologies\ATI.ACE\Core-Static;C:\Program Files\Microsoft\Web Platform Installer\;C:\Program Files (x86)\Microsoft ASP.NET\ASP.NET Web Pages\v1.0\;C:\Program Files (x86)\Windows Kits\8.0\Windows Performance Toolkit\;C:\Program Files\Microsoft SQL Server\110\Tools\Binn\;C:\Program Files (x86)\MiKTeX 2.9\miktex\bin\;C:\Program Files\MATLAB\R2013a\runtime\win64;C:\Program Files\MATLAB\R2013a\bin;C:\Program Files\Java\jre1.8.0_20\bin;C:\Program Files\Java\jdk1.8.0_20\bin;C:\Users\Simone\AppData\Local\Smartbar\Application\;C:\php\;C:\Program Files (x86)\LilyPond\usr\bin\;C:\Program Files\cURL\bin;C:\tidy\bin;C:\Program Files (x86)\Zorba XQuery Processor 3.0.0\bin;C:\Program Files\R\R-3.1.2\bin;C:\Program Files (x86)\WordNet\3.0\bin
USERNAME=Simone
OS=Windows_NT
PROCESSOR_IDENTIFIER=Intel64 Family 6 Model 42 Stepping 7, GenuineIntel



---------------  S Y S T E M  ---------------

OS: Windows 8.1 , 64 bit Build 9600 

CPU:total 4 (2 cores per cpu, 2 threads per core) family 6 model 42 stepping 7, cmov, cx8, fxsr, mmx, sse, sse2, sse3, ssse3, sse4.1, sse4.2, popcnt, avx, clmul, ht, tsc, tscinvbit

Memory: 4k page, physical 4169852k(1133548k free), swap 8193408k(1487776k free)

vm_info: Java HotSpot(TM) 64-Bit Server VM (25.20-b23) for windows-amd64 JRE (1.8.0_20-b26), built on Jul 30 2014 13:51:23 by "java_re" with MS VC++ 10.0 (VS2010)

time: Tue Dec 23 17:24:18 2014
elapsed time: 508 seconds (0d 0h 8m 28s)

